android/app/build/intermediates/manifest_merge_blame_file/debug/manifest-merger-blame-debug-report.txt
1<?xml version="1.0" encoding="utf-8"?>
2<manifest xmlns:android="http://schemas.android.com/apk/res/android"
3    package="com.sleep2022.original"
4    android:versionCode="1"
5    android:versionName="1.0.0" >
6
7    <uses-sdk
8        android:minSdkVersion="21"
9        android:targetSdkVersion="33" />
10
11    <uses-permission android:name="android.permission.SYSTEM_ALERT_WINDOW" />
11-->src/debug/AndroidManifest.xml:5:5-77
11-->src/debug/AndroidManifest.xml:5:22-75
12    <uses-permission android:name="android.permission.INTERNET" />
12-->src/main/AndroidManifest.xml:4:5-67
12-->src/main/AndroidManifest.xml:4:22-64
13    <uses-permission android:name="android.permission.CAMERA" />
13-->src/main/AndroidManifest.xml:5:1-60
13-->src/main/AndroidManifest.xml:5:18-58
14
15    <uses-feature
15-->src/main/AndroidManifest.xml:6:1-81
16        android:name="android.hardware.camera"
16-->src/main/AndroidManifest.xml:6:15-53
17        android:required="false" />
17-->src/main/AndroidManifest.xml:6:54-78
18    <uses-feature
18-->src/main/AndroidManifest.xml:7:1-87
19        android:name="android.hardware.camera.front"
19-->src/main/AndroidManifest.xml:7:15-59
20        android:required="false" />
20-->src/main/AndroidManifest.xml:7:60-84
21
22    <uses-permission android:name="android.permission.ACCESS_WIFI_STATE" />
22-->[com.facebook.flipper:flipper:0.125.0] AndroidManifest.xml:16:5-76
22-->[com.facebook.flipper:flipper:0.125.0] AndroidManifest.xml:16:22-73
23    <uses-permission android:name="android.permission.WAKE_LOCK" />
23-->[:react-native-firebase_auth] AndroidManifest.xml:10:5-68
23-->[:react-native-firebase_auth] AndroidManifest.xml:10:22-65
24    <uses-permission android:name="android.permission.ACCESS_NETWORK_STATE" />
24-->[:react-native-firebase_auth] AndroidManifest.xml:11:5-79
24-->[:react-native-firebase_auth] AndroidManifest.xml:11:22-76
25
26    <queries>
26-->[:react-native-image-crop-picker] AndroidManifest.xml:9:5-13:15
27        <intent>
27-->[:react-native-image-crop-picker] AndroidManifest.xml:10:9-12:18
28            <action android:name="android.media.action.IMAGE_CAPTURE" />
28-->[:react-native-image-crop-picker] AndroidManifest.xml:11:13-73
28-->[:react-native-image-crop-picker] AndroidManifest.xml:11:21-70
29        </intent>
30
31        <package android:name="com.facebook.katana" /> <!-- Added to check the default browser that will host the AuthFlow. -->
31-->[com.facebook.android:facebook-common:15.2.0] AndroidManifest.xml:18:9-55
31-->[com.facebook.android:facebook-common:15.2.0] AndroidManifest.xml:18:18-52
32        <intent>
32-->[com.stripe:financial-connections:20.16.2] AndroidManifest.xml:15:9-19:18
33            <action android:name="android.intent.action.VIEW" />
33-->[:tipsi-stripe] AndroidManifest.xml:21:17-69
33-->[:tipsi-stripe] AndroidManifest.xml:21:25-66
34
35            <data android:scheme="http" />
35-->[:tipsi-stripe] AndroidManifest.xml:26:17-50
35-->[:tipsi-stripe] AndroidManifest.xml:26:23-47
36        </intent> <!-- Added to check if Chrome is installed for browser-based payment authentication (e.g. 3DS1). -->
37        <package android:name="com.android.chrome" /> <!-- Needs to be explicitly declared on Android R+ -->
37-->[com.stripe:payments-core:20.16.2] AndroidManifest.xml:13:9-54
37-->[com.stripe:payments-core:20.16.2] AndroidManifest.xml:13:18-51
38        <package android:name="com.google.android.apps.maps" />
38-->[com.google.android.gms:play-services-maps:18.0.2] AndroidManifest.xml:33:9-64
38-->[com.google.android.gms:play-services-maps:18.0.2] AndroidManifest.xml:33:18-61
39    </queries>
40
41    <uses-permission android:name="android.permission.WRITE_EXTERNAL_STORAGE" />
41-->[:react-native-image-crop-picker] AndroidManifest.xml:15:5-81
41-->[:react-native-image-crop-picker] AndroidManifest.xml:15:22-78
42    <uses-permission android:name="android.permission.READ_PHONE_STATE" />
43    <uses-permission android:name="android.permission.READ_EXTERNAL_STORAGE" />
44    <uses-permission android:name="com.google.android.gms.permission.AD_ID" /> <!-- Required by older versions of Google Play services to create IID tokens -->
44-->[com.google.android.gms:play-services-measurement-api:21.2.0] AndroidManifest.xml:25:5-79
44-->[com.google.android.gms:play-services-measurement-api:21.2.0] AndroidManifest.xml:25:22-76
45    <uses-permission android:name="com.google.android.c2dm.permission.RECEIVE" />
45-->[com.google.android.gms:play-services-iid:17.0.0] AndroidManifest.xml:23:5-82
45-->[com.google.android.gms:play-services-iid:17.0.0] AndroidManifest.xml:23:22-79
46    <uses-permission android:name="com.google.android.finsky.permission.BIND_GET_INSTALL_REFERRER_SERVICE" />
46-->[com.google.android.gms:play-services-measurement:21.2.0] AndroidManifest.xml:26:5-110
46-->[com.google.android.gms:play-services-measurement:21.2.0] AndroidManifest.xml:26:22-107
47
48    <uses-feature
48-->[com.google.android.gms:play-services-maps:18.0.2] AndroidManifest.xml:26:5-28:35
49        android:glEsVersion="0x00020000"
49-->[com.google.android.gms:play-services-maps:18.0.2] AndroidManifest.xml:27:9-41
50        android:required="true" />
50-->[com.google.android.gms:play-services-maps:18.0.2] AndroidManifest.xml:28:9-32
51
52    <permission
52-->[androidx.core:core:1.9.0] AndroidManifest.xml:22:5-24:47
53        android:name="com.sleep2022.original.DYNAMIC_RECEIVER_NOT_EXPORTED_PERMISSION"
53-->[androidx.core:core:1.9.0] AndroidManifest.xml:23:9-81
54        android:protectionLevel="signature" />
54-->[androidx.core:core:1.9.0] AndroidManifest.xml:24:9-44
55
56    <uses-permission android:name="com.sleep2022.original.DYNAMIC_RECEIVER_NOT_EXPORTED_PERMISSION" /> <!-- Permission will be merged into the manifest of the hosting app. -->
56-->[androidx.core:core:1.9.0] AndroidManifest.xml:26:5-97
56-->[androidx.core:core:1.9.0] AndroidManifest.xml:26:22-94
57    <!-- Is required to launch foreground extraction service for targetSdkVersion 28+. -->
58    <uses-permission android:name="android.permission.FOREGROUND_SERVICE" />
58-->[com.google.android.play:core:1.10.3] AndroidManifest.xml:13:5-77
58-->[com.google.android.play:core:1.10.3] AndroidManifest.xml:13:22-74
59
60    <application
60-->src/main/AndroidManifest.xml:8:5-33:19
61        android:name="com.sleep2022.original.MainApplication"
61-->src/main/AndroidManifest.xml:9:7-38
62        android:allowBackup="false"
62-->src/main/AndroidManifest.xml:13:7-34
63        android:appComponentFactory="androidx.core.app.CoreComponentFactory"
63-->[androidx.core:core:1.9.0] AndroidManifest.xml:28:18-86
64        android:debuggable="true"
65        android:icon="@mipmap/ic_launcher"
65-->src/main/AndroidManifest.xml:11:7-41
66        android:label="@string/app_name"
66-->src/main/AndroidManifest.xml:10:7-39
67        android:roundIcon="@mipmap/ic_launcher_round"
67-->src/main/AndroidManifest.xml:12:7-52
68        android:supportsRtl="true"
68-->[com.facebook.android:facebook-android-sdk:15.2.0] AndroidManifest.xml:16:18-44
69        android:theme="@style/AppTheme"
69-->src/main/AndroidManifest.xml:14:7-38
70        android:usesCleartextTraffic="true" >
70-->src/debug/AndroidManifest.xml:8:9-44
71        <activity
71-->src/debug/AndroidManifest.xml:11:9-111
72            android:name="com.facebook.react.devsupport.DevSettingsActivity"
72-->src/debug/AndroidManifest.xml:11:19-83
73            android:exported="false" />
73-->src/debug/AndroidManifest.xml:11:84-108
74
75        <meta-data
75-->src/main/AndroidManifest.xml:17:5-103
76            android:name="com.facebook.sdk.ApplicationId"
76-->src/main/AndroidManifest.xml:17:16-61
77            android:value="@string/facebook_app_id" />
77-->src/main/AndroidManifest.xml:17:62-101
78        <meta-data
78-->src/main/AndroidManifest.xml:18:5-107
79            android:name="com.facebook.sdk.ClientToken"
79-->src/main/AndroidManifest.xml:18:16-59
80            android:value="@string/facebook_client_token" />
80-->src/main/AndroidManifest.xml:18:60-105
81
82        <activity
82-->src/main/AndroidManifest.xml:21:7-32:18
83            android:name="com.sleep2022.original.MainActivity"
83-->src/main/AndroidManifest.xml:22:9-37
84            android:configChanges="keyboard|keyboardHidden|orientation|screenLayout|screenSize|smallestScreenSize|uiMode"
84-->src/main/AndroidManifest.xml:24:9-118
85            android:exported="true"
85-->src/main/AndroidManifest.xml:27:9-32
86            android:label="@string/app_name"
86-->src/main/AndroidManifest.xml:23:9-41
87            android:launchMode="singleTask"
87-->src/main/AndroidManifest.xml:25:9-40
88            android:windowSoftInputMode="adjustResize" >
88-->src/main/AndroidManifest.xml:26:9-51
89            <intent-filter>
89-->src/main/AndroidManifest.xml:28:9-31:25
90                <action android:name="android.intent.action.MAIN" />
90-->src/main/AndroidManifest.xml:29:13-65
90-->src/main/AndroidManifest.xml:29:21-62
91
92                <category android:name="android.intent.category.LAUNCHER" />
92-->src/main/AndroidManifest.xml:30:13-73
92-->src/main/AndroidManifest.xml:30:23-70
93            </intent-filter>
94        </activity>
95
96        <meta-data
96-->[:react-native-firebase_app] AndroidManifest.xml:10:9-12:36
97            android:name="app_data_collection_default_enabled"
97-->[:react-native-firebase_app] AndroidManifest.xml:11:13-63
98            android:value="true" />
98-->[:react-native-firebase_app] AndroidManifest.xml:12:13-33
99
100        <service
100-->[:react-native-firebase_app] AndroidManifest.xml:14:9-18:19
101            android:name="com.google.firebase.components.ComponentDiscoveryService"
101-->[:react-native-firebase_app] AndroidManifest.xml:14:18-89
102            android:directBootAware="true"
102-->[com.google.firebase:firebase-common:20.2.0] AndroidManifest.xml:34:13-43
103            android:exported="false" >
103-->[com.google.firebase:firebase-auth:21.1.0] AndroidManifest.xml:66:13-37
104            <meta-data
104-->[:react-native-firebase_app] AndroidManifest.xml:15:13-17:85
105                android:name="com.google.firebase.components:io.invertase.firebase.app.ReactNativeFirebaseAppRegistrar"
105-->[:react-native-firebase_app] AndroidManifest.xml:16:17-120
106                android:value="com.google.firebase.components.ComponentRegistrar" />
106-->[:react-native-firebase_app] AndroidManifest.xml:17:17-82
107            <meta-data
107-->[com.google.firebase:firebase-auth:21.1.0] AndroidManifest.xml:67:13-69:85
108                android:name="com.google.firebase.components:com.google.firebase.auth.FirebaseAuthRegistrar"
108-->[com.google.firebase:firebase-auth:21.1.0] AndroidManifest.xml:68:17-109
109                android:value="com.google.firebase.components.ComponentRegistrar" />
109-->[com.google.firebase:firebase-auth:21.1.0] AndroidManifest.xml:69:17-82
110            <meta-data
110-->[com.google.firebase:firebase-firestore:24.4.1] AndroidManifest.xml:19:13-21:85
111                android:name="com.google.firebase.components:com.google.firebase.firestore.FirestoreRegistrar"
111-->[com.google.firebase:firebase-firestore:24.4.1] AndroidManifest.xml:20:17-111
112                android:value="com.google.firebase.components.ComponentRegistrar" />
112-->[com.google.firebase:firebase-firestore:24.4.1] AndroidManifest.xml:21:17-82
113            <meta-data
113-->[com.google.android.gms:play-services-measurement-api:21.2.0] AndroidManifest.xml:31:13-33:85
114                android:name="com.google.firebase.components:com.google.firebase.analytics.connector.internal.AnalyticsConnectorRegistrar"
114-->[com.google.android.gms:play-services-measurement-api:21.2.0] AndroidManifest.xml:32:17-139
115                android:value="com.google.firebase.components.ComponentRegistrar" />
115-->[com.google.android.gms:play-services-measurement-api:21.2.0] AndroidManifest.xml:33:17-82
116            <meta-data
116-->[com.google.firebase:firebase-installations:17.1.0] AndroidManifest.xml:17:13-19:85
117                android:name="com.google.firebase.components:com.google.firebase.installations.FirebaseInstallationsRegistrar"
117-->[com.google.firebase:firebase-installations:17.1.0] AndroidManifest.xml:18:17-127
118                android:value="com.google.firebase.components.ComponentRegistrar" />
118-->[com.google.firebase:firebase-installations:17.1.0] AndroidManifest.xml:19:17-82
119        </service>
120
121        <provider
121-->[:react-native-firebase_app] AndroidManifest.xml:20:9-24:38
122            android:name="io.invertase.firebase.app.ReactNativeFirebaseAppInitProvider"
122-->[:react-native-firebase_app] AndroidManifest.xml:21:13-88
123            android:authorities="com.sleep2022.original.reactnativefirebaseappinitprovider"
123-->[:react-native-firebase_app] AndroidManifest.xml:22:13-86
124            android:exported="false"
124-->[:react-native-firebase_app] AndroidManifest.xml:23:13-37
125            android:initOrder="99" />
125-->[:react-native-firebase_app] AndroidManifest.xml:24:13-35
126
127        <activity
127-->[:tipsi-stripe] AndroidManifest.xml:10:9-14:75
128            android:name="com.gettipsi.stripe.OpenBrowserActivity"
128-->[:tipsi-stripe] AndroidManifest.xml:11:13-67
129            android:exported="false"
129-->[:tipsi-stripe] AndroidManifest.xml:12:13-37
130            android:launchMode="singleTask"
130-->[:tipsi-stripe] AndroidManifest.xml:13:13-44
131            android:theme="@android:style/Theme.Translucent.NoTitleBar" />
131-->[:tipsi-stripe] AndroidManifest.xml:14:13-72
132        <activity
132-->[:tipsi-stripe] AndroidManifest.xml:15:9-28:20
133            android:name="com.gettipsi.stripe.RedirectUriReceiver"
133-->[:tipsi-stripe] AndroidManifest.xml:16:13-67
134            android:exported="true"
134-->[:tipsi-stripe] AndroidManifest.xml:17:13-36
135            android:launchMode="singleTask"
135-->[:tipsi-stripe] AndroidManifest.xml:18:13-44
136            android:theme="@android:style/Theme.Translucent.NoTitleBar.Fullscreen" >
136-->[:tipsi-stripe] AndroidManifest.xml:19:13-83
137            <intent-filter>
137-->[:tipsi-stripe] AndroidManifest.xml:20:13-27:29
138                <action android:name="android.intent.action.VIEW" />
138-->[:tipsi-stripe] AndroidManifest.xml:21:17-69
138-->[:tipsi-stripe] AndroidManifest.xml:21:25-66
139
140                <category android:name="android.intent.category.DEFAULT" />
140-->[:tipsi-stripe] AndroidManifest.xml:23:17-76
140-->[:tipsi-stripe] AndroidManifest.xml:23:27-73
141                <category android:name="android.intent.category.BROWSABLE" />
141-->[:tipsi-stripe] AndroidManifest.xml:24:17-78
141-->[:tipsi-stripe] AndroidManifest.xml:24:27-75
142
143                <data android:scheme="example" />
143-->[:tipsi-stripe] AndroidManifest.xml:26:17-50
143-->[:tipsi-stripe] AndroidManifest.xml:26:23-47
144            </intent-filter>
145        </activity>
146
147        <provider
147-->[:react-native-image-crop-picker] AndroidManifest.xml:18:9-26:20
148            android:name="androidx.core.content.FileProvider"
148-->[:react-native-image-crop-picker] AndroidManifest.xml:19:13-62
149            android:authorities="com.sleep2022.original.provider"
149-->[:react-native-image-crop-picker] AndroidManifest.xml:20:13-60
150            android:exported="false"
150-->[:react-native-image-crop-picker] AndroidManifest.xml:21:13-37
151            android:grantUriPermissions="true" >
151-->[:react-native-image-crop-picker] AndroidManifest.xml:22:13-47
152            <meta-data
152-->[:react-native-image-crop-picker] AndroidManifest.xml:23:13-25:58
153                android:name="android.support.FILE_PROVIDER_PATHS"
153-->[:react-native-image-crop-picker] AndroidManifest.xml:24:17-67
154                android:resource="@xml/provider_paths" />
154-->[:react-native-image-crop-picker] AndroidManifest.xml:25:17-55
155        </provider>
156
157        <activity
157-->[:react-native-image-crop-picker] AndroidManifest.xml:28:9-30:72
158            android:name="com.yalantis.ucrop.UCropActivity"
158-->[:react-native-image-crop-picker] AndroidManifest.xml:29:13-60
159            android:theme="@style/Theme.AppCompat.Light.NoActionBar" />
159-->[:react-native-image-crop-picker] AndroidManifest.xml:30:13-69
160
161        <provider
161-->[:react-native-image-picker] AndroidManifest.xml:10:9-18:20
162            android:name="com.imagepicker.ImagePickerProvider"
162-->[:react-native-image-picker] AndroidManifest.xml:11:13-63
163            android:authorities="com.sleep2022.original.imagepickerprovider"
163-->[:react-native-image-picker] AndroidManifest.xml:12:13-71
164            android:exported="false"
164-->[:react-native-image-picker] AndroidManifest.xml:13:13-37
165            android:grantUriPermissions="true" >
165-->[:react-native-image-picker] AndroidManifest.xml:14:13-47
166            <meta-data
166-->[:react-native-image-crop-picker] AndroidManifest.xml:23:13-25:58
167                android:name="android.support.FILE_PROVIDER_PATHS"
167-->[:react-native-image-crop-picker] AndroidManifest.xml:24:17-67
168                android:resource="@xml/imagepicker_provider_paths" />
168-->[:react-native-image-crop-picker] AndroidManifest.xml:25:17-55
169        </provider>
170        <provider
170-->[:react-native-share] AndroidManifest.xml:10:9-18:20
171            android:name="cl.json.RNShareFileProvider"
171-->[:react-native-share] AndroidManifest.xml:11:13-55
172            android:authorities="com.sleep2022.original.rnshare.fileprovider"
172-->[:react-native-share] AndroidManifest.xml:12:13-72
173            android:exported="false"
173-->[:react-native-share] AndroidManifest.xml:13:13-37
174            android:grantUriPermissions="true" >
174-->[:react-native-share] AndroidManifest.xml:14:13-47
175            <meta-data
175-->[:react-native-image-crop-picker] AndroidManifest.xml:23:13-25:58
176                android:name="android.support.FILE_PROVIDER_PATHS"
176-->[:react-native-image-crop-picker] AndroidManifest.xml:24:17-67
177                android:resource="@xml/share_download_paths" />
177-->[:react-native-image-crop-picker] AndroidManifest.xml:25:17-55
178        </provider>
179        <provider
179-->[:react-native-webview] AndroidManifest.xml:10:9-18:20
180            android:name="com.reactnativecommunity.webview.RNCWebViewFileProvider"
180-->[:react-native-webview] AndroidManifest.xml:11:13-83
181            android:authorities="com.sleep2022.original.fileprovider"
181-->[:react-native-webview] AndroidManifest.xml:12:13-64
182            android:exported="false"
182-->[:react-native-webview] AndroidManifest.xml:13:13-37
183            android:grantUriPermissions="true" >
183-->[:react-native-webview] AndroidManifest.xml:14:13-47
184            <meta-data
184-->[:react-native-image-crop-picker] AndroidManifest.xml:23:13-25:58
185                android:name="android.support.FILE_PROVIDER_PATHS"
185-->[:react-native-image-crop-picker] AndroidManifest.xml:24:17-67
186                android:resource="@xml/file_provider_paths" />
186-->[:react-native-image-crop-picker] AndroidManifest.xml:25:17-55
187        </provider>
188
189        <activity
189-->[com.facebook.android:facebook-common:15.2.0] AndroidManifest.xml:22:9-25:66
190            android:name="com.facebook.FacebookActivity"
190-->[com.facebook.android:facebook-common:15.2.0] AndroidManifest.xml:23:13-57
191            android:configChanges="keyboard|keyboardHidden|screenLayout|screenSize|orientation"
191-->[com.facebook.android:facebook-common:15.2.0] AndroidManifest.xml:24:13-96
192            android:theme="@style/com_facebook_activity_theme" />
192-->[com.facebook.android:facebook-common:15.2.0] AndroidManifest.xml:25:13-63
193        <activity android:name="com.facebook.CustomTabMainActivity" />
193-->[com.facebook.android:facebook-common:15.2.0] AndroidManifest.xml:26:9-71
193-->[com.facebook.android:facebook-common:15.2.0] AndroidManifest.xml:26:19-68
194        <activity
194-->[com.facebook.android:facebook-common:15.2.0] AndroidManifest.xml:27:9-41:20
195            android:name="com.facebook.CustomTabActivity"
195-->[com.facebook.android:facebook-common:15.2.0] AndroidManifest.xml:28:13-58
196            android:exported="true" >
196-->[com.facebook.android:facebook-common:15.2.0] AndroidManifest.xml:29:13-36
197            <intent-filter>
197-->[com.facebook.android:facebook-common:15.2.0] AndroidManifest.xml:31:13-40:29
198                <action android:name="android.intent.action.VIEW" />
198-->[:tipsi-stripe] AndroidManifest.xml:21:17-69
198-->[:tipsi-stripe] AndroidManifest.xml:21:25-66
199
200                <category android:name="android.intent.category.DEFAULT" />
200-->[:tipsi-stripe] AndroidManifest.xml:23:17-76
200-->[:tipsi-stripe] AndroidManifest.xml:23:27-73
201                <category android:name="android.intent.category.BROWSABLE" />
201-->[:tipsi-stripe] AndroidManifest.xml:24:17-78
201-->[:tipsi-stripe] AndroidManifest.xml:24:27-75
202
203                <data
203-->[:tipsi-stripe] AndroidManifest.xml:26:17-50
204                    android:host="cct.com.sleep2022.original"
205                    android:scheme="fbconnect" />
205-->[:tipsi-stripe] AndroidManifest.xml:26:23-47
206            </intent-filter>
207        </activity>
208
209        <service
209-->[:react-native-music-control] AndroidManifest.xml:10:9-13:43
210            android:name="com.tanguyantoine.react.MusicControlNotification$NotificationService"
210-->[:react-native-music-control] AndroidManifest.xml:11:13-96
211            android:foregroundServiceType="mediaPlayback"
211-->[:react-native-music-control] AndroidManifest.xml:12:13-58
212            android:stopWithTask="true" />
212-->[:react-native-music-control] AndroidManifest.xml:13:13-40
213
214        <activity
214-->[com.google.firebase:firebase-auth:21.1.0] AndroidManifest.xml:27:9-44:20
215            android:name="com.google.firebase.auth.internal.GenericIdpActivity"
215-->[com.google.firebase:firebase-auth:21.1.0] AndroidManifest.xml:28:13-80
216            android:excludeFromRecents="true"
216-->[com.google.firebase:firebase-auth:21.1.0] AndroidManifest.xml:29:13-46
217            android:exported="true"
217-->[com.google.firebase:firebase-auth:21.1.0] AndroidManifest.xml:30:13-36
218            android:launchMode="singleTask"
218-->[com.google.firebase:firebase-auth:21.1.0] AndroidManifest.xml:31:13-44
219            android:theme="@android:style/Theme.Translucent.NoTitleBar" >
219-->[com.google.firebase:firebase-auth:21.1.0] AndroidManifest.xml:32:13-72
220            <intent-filter>
220-->[com.google.firebase:firebase-auth:21.1.0] AndroidManifest.xml:33:13-43:29
221                <action android:name="android.intent.action.VIEW" />
221-->[:tipsi-stripe] AndroidManifest.xml:21:17-69
221-->[:tipsi-stripe] AndroidManifest.xml:21:25-66
222
223                <category android:name="android.intent.category.DEFAULT" />
223-->[:tipsi-stripe] AndroidManifest.xml:23:17-76
223-->[:tipsi-stripe] AndroidManifest.xml:23:27-73
224                <category android:name="android.intent.category.BROWSABLE" />
224-->[:tipsi-stripe] AndroidManifest.xml:24:17-78
224-->[:tipsi-stripe] AndroidManifest.xml:24:27-75
225
226                <data
226-->[:tipsi-stripe] AndroidManifest.xml:26:17-50
227                    android:host="firebase.auth"
228                    android:path="/"
229                    android:scheme="genericidp" />
229-->[:tipsi-stripe] AndroidManifest.xml:26:23-47
230            </intent-filter>
231        </activity>
232        <activity
232-->[com.google.firebase:firebase-auth:21.1.0] AndroidManifest.xml:45:9-62:20
233            android:name="com.google.firebase.auth.internal.RecaptchaActivity"
233-->[com.google.firebase:firebase-auth:21.1.0] AndroidManifest.xml:46:13-79
234            android:excludeFromRecents="true"
234-->[com.google.firebase:firebase-auth:21.1.0] AndroidManifest.xml:47:13-46
235            android:exported="true"
235-->[com.google.firebase:firebase-auth:21.1.0] AndroidManifest.xml:48:13-36
236            android:launchMode="singleTask"
236-->[com.google.firebase:firebase-auth:21.1.0] AndroidManifest.xml:49:13-44
237            android:theme="@android:style/Theme.Translucent.NoTitleBar" >
237-->[com.google.firebase:firebase-auth:21.1.0] AndroidManifest.xml:50:13-72
238            <intent-filter>
238-->[com.google.firebase:firebase-auth:21.1.0] AndroidManifest.xml:51:13-61:29
239                <action android:name="android.intent.action.VIEW" />
239-->[:tipsi-stripe] AndroidManifest.xml:21:17-69
239-->[:tipsi-stripe] AndroidManifest.xml:21:25-66
240
241                <category android:name="android.intent.category.DEFAULT" />
241-->[:tipsi-stripe] AndroidManifest.xml:23:17-76
241-->[:tipsi-stripe] AndroidManifest.xml:23:27-73
242                <category android:name="android.intent.category.BROWSABLE" />
242-->[:tipsi-stripe] AndroidManifest.xml:24:17-78
242-->[:tipsi-stripe] AndroidManifest.xml:24:27-75
243
244                <data
244-->[:tipsi-stripe] AndroidManifest.xml:26:17-50
245                    android:host="firebase.auth"
246                    android:path="/"
247                    android:scheme="recaptcha" />
247-->[:tipsi-stripe] AndroidManifest.xml:26:23-47
248            </intent-filter>
249        </activity>
250
251        <provider
251-->[com.google.firebase:firebase-common:20.2.0] AndroidManifest.xml:25:9-30:39
252            android:name="com.google.firebase.provider.FirebaseInitProvider"
252-->[com.google.firebase:firebase-common:20.2.0] AndroidManifest.xml:26:13-77
253            android:authorities="com.sleep2022.original.firebaseinitprovider"
253-->[com.google.firebase:firebase-common:20.2.0] AndroidManifest.xml:27:13-72
254            android:directBootAware="true"
254-->[com.google.firebase:firebase-common:20.2.0] AndroidManifest.xml:28:13-43
255            android:exported="false"
255-->[com.google.firebase:firebase-common:20.2.0] AndroidManifest.xml:29:13-37
256            android:initOrder="100" />
256-->[com.google.firebase:firebase-common:20.2.0] AndroidManifest.xml:30:13-36
257
258        <activity
258-->[com.stripe:paymentsheet:20.16.2] AndroidManifest.xml:10:9-13:69
259            android:name="com.stripe.android.paymentsheet.PaymentSheetActivity"
259-->[com.stripe:paymentsheet:20.16.2] AndroidManifest.xml:11:13-80
260            android:exported="false"
260-->[com.stripe:paymentsheet:20.16.2] AndroidManifest.xml:12:13-37
261            android:theme="@style/StripePaymentSheetDefaultTheme" />
261-->[com.stripe:paymentsheet:20.16.2] AndroidManifest.xml:13:13-66
262        <activity
262-->[com.stripe:paymentsheet:20.16.2] AndroidManifest.xml:14:9-17:69
263            android:name="com.stripe.android.paymentsheet.PaymentOptionsActivity"
263-->[com.stripe:paymentsheet:20.16.2] AndroidManifest.xml:15:13-82
264            android:exported="false"
264-->[com.stripe:paymentsheet:20.16.2] AndroidManifest.xml:16:13-37
265            android:theme="@style/StripePaymentSheetDefaultTheme" />
265-->[com.stripe:paymentsheet:20.16.2] AndroidManifest.xml:17:13-66
266        <activity
266-->[com.stripe:paymentsheet:20.16.2] AndroidManifest.xml:18:9-21:69
267            android:name="com.stripe.android.paymentsheet.addresselement.AddressElementActivity"
267-->[com.stripe:paymentsheet:20.16.2] AndroidManifest.xml:19:13-97
268            android:exported="false"
268-->[com.stripe:paymentsheet:20.16.2] AndroidManifest.xml:20:13-37
269            android:theme="@style/StripePaymentSheetDefaultTheme" />
269-->[com.stripe:paymentsheet:20.16.2] AndroidManifest.xml:21:13-66
270        <activity
270-->[com.stripe:paymentsheet:20.16.2] AndroidManifest.xml:22:9-25:69
271            android:name="com.stripe.android.paymentsheet.paymentdatacollection.polling.PollingActivity"
271-->[com.stripe:paymentsheet:20.16.2] AndroidManifest.xml:23:13-105
272            android:exported="false"
272-->[com.stripe:paymentsheet:20.16.2] AndroidManifest.xml:24:13-37
273            android:theme="@style/StripePaymentSheetDefaultTheme" />
273-->[com.stripe:paymentsheet:20.16.2] AndroidManifest.xml:25:13-66
274        <activity
274-->[com.stripe:link:20.16.2] AndroidManifest.xml:10:9-15:58
275            android:name="com.stripe.android.link.LinkActivity"
275-->[com.stripe:link:20.16.2] AndroidManifest.xml:11:13-64
276            android:exported="false"
276-->[com.stripe:link:20.16.2] AndroidManifest.xml:12:13-37
277            android:label="@string/link"
277-->[com.stripe:link:20.16.2] AndroidManifest.xml:13:13-41
278            android:theme="@style/LinkBaseTheme"
278-->[com.stripe:link:20.16.2] AndroidManifest.xml:14:13-49
279            android:windowSoftInputMode="adjustResize" />
279-->[com.stripe:link:20.16.2] AndroidManifest.xml:15:13-55
280        <activity
280-->[com.stripe:financial-connections:20.16.2] AndroidManifest.xml:23:9-48:20
281            android:name="com.stripe.android.financialconnections.FinancialConnectionsSheetRedirectActivity"
281-->[com.stripe:financial-connections:20.16.2] AndroidManifest.xml:24:13-109
282            android:exported="true" >
282-->[com.stripe:financial-connections:20.16.2] AndroidManifest.xml:25:13-36
283            <intent-filter>
283-->[com.stripe:financial-connections:20.16.2] AndroidManifest.xml:26:13-47:29
284                <action android:name="android.intent.action.VIEW" />
284-->[:tipsi-stripe] AndroidManifest.xml:21:17-69
284-->[:tipsi-stripe] AndroidManifest.xml:21:25-66
285
286                <category android:name="android.intent.category.DEFAULT" />
286-->[:tipsi-stripe] AndroidManifest.xml:23:17-76
286-->[:tipsi-stripe] AndroidManifest.xml:23:27-73
287                <category android:name="android.intent.category.BROWSABLE" />
287-->[:tipsi-stripe] AndroidManifest.xml:24:17-78
287-->[:tipsi-stripe] AndroidManifest.xml:24:27-75
288